<?xml version="1.0" encoding="UTF-8"?>
<testng-results ignored="0" total="1" passed="1" failed="0" skipped="0">
  <reporter-output>
  </reporter-output>
  <suite started-at="2022-08-07T21:02:28 IST" name="Default Suite" finished-at="2022-08-07T21:03:40 IST" duration-ms="72431">
    <groups>
    </groups>
    <test started-at="2022-08-07T21:02:28 IST" name="APIRestAssured" finished-at="2022-08-07T21:03:40 IST" duration-ms="72431">
      <class name="APITests">
        <test-method signature="test1()[pri:0, instance:APITests@11fc564b]" started-at="2022-08-07T21:02:28 IST" name="test1" finished-at="2022-08-07T21:03:40 IST" duration-ms="72307" status="PASS">
          <reporter-output>
          </reporter-output>
        </test-method> <!-- test1 -->
      </class> <!-- APITests -->
    </test> <!-- APIRestAssured -->
  </suite> <!-- Default Suite -->
</testng-results>
